2018-04-30 21:14:22 [main] INFO  com.example.DemoApplication - Starting DemoApplication on DESKTOP-OML437H with PID 6512 (C:\JavaProject\sources\rest+java8\target\classes started by Юра in C:\JavaProject\sources\rest+java8)
2018-04-30 21:14:22 [main] INFO  com.example.DemoApplication - No active profile set, falling back to default profiles: default
2018-04-30 21:14:23 [main] INFO  o.s.b.w.s.c.AnnotationConfigServletWebServerApplicationContext - Refreshing org.springframework.boot.web.servlet.context.AnnotationConfigServletWebServerApplicationContext@4facf68f: startup date [Mon Apr 30 21:14:23 EEST 2018]; root of context hierarchy
2018-04-30 21:14:42 [main] INFO  o.s.c.s.PostProcessorRegistrationDelegate$BeanPostProcessorChecker - Bean 'org.springframework.transaction.annotation.ProxyTransactionManagementConfiguration' of type [org.springframework.transaction.annotation.ProxyTransactionManagementConfiguration$$EnhancerBySpringCGLIB$$4c581d82] is not eligible for getting processed by all BeanPostProcessors (for example: not eligible for auto-proxying)
2018-04-30 21:14:46 [main] INFO  o.s.b.w.e.tomcat.TomcatWebServer - Tomcat initialized with port(s): 9000 (http)
2018-04-30 21:14:47 [main] INFO  o.a.catalina.core.StandardService - Starting service [Tomcat]
2018-04-30 21:14:47 [main] INFO  o.a.catalina.core.StandardEngine - Starting Servlet Engine: Apache Tomcat/8.5.29
2018-04-30 21:14:47 [localhost-startStop-1] INFO  o.a.c.core.AprLifecycleListener - The APR based Apache Tomcat Native library which allows optimal performance in production environments was not found on the java.library.path: [C:\Program Files\Java\jdk1.8.0_131\bin;C:\WINDOWS\Sun\Java\bin;C:\WINDOWS\system32;C:\WINDOWS;C:\Program Files (x86)\Common Files\Intel\Shared Libraries\redist\intel64\compiler;C:\ProgramData\Oracle\Java\javapath;C:\Program Files (x86)\Borland\Delphi7\Bin;C:\Program Files (x86)\Borland\Delphi7\Projects\Bpl\;C:\Windows\system32;C:\Windows;C:\Windows\System32\Wbem;C:\Windows\System32\WindowsPowerShell\v1.0\;C:\Program Files (x86)\NVIDIA Corporation\PhysX\Common;C:\Windows\system32\wbem;C:\Program Files (x86)\IVT Corporation\BlueSoleil\Mobile;C:\JavaProject\tools\apache-maven-3.5.0\bin;C:\Program Files\MySQL\MySQL Utilities 1.6\;C:\WINDOWS\system32;C:\WINDOWS;C:\WINDOWS\System32\Wbem;C:\WINDOWS\System32\WindowsPowerShell\v1.0\;C:\Git\cmd;C:\Program Files (x86)\Calibre2\;C:\Users\Юра\Documents\Borland Studio Projects\Bpl;%USERPROFILE%\AppData\Local\Microsoft\WindowsApps;;.]
2018-04-30 21:14:52 [localhost-startStop-1] INFO  o.a.c.c.C.[Tomcat].[localhost].[/] - Initializing Spring embedded WebApplicationContext
2018-04-30 21:14:52 [localhost-startStop-1] INFO  o.s.web.context.ContextLoader - Root WebApplicationContext: initialization completed in 29829 ms
2018-04-30 21:14:53 [localhost-startStop-1] INFO  o.s.b.w.s.ServletRegistrationBean - Servlet dispatcherServlet mapped to [/]
2018-04-30 21:14:53 [localhost-startStop-1] INFO  o.s.b.w.s.FilterRegistrationBean - Mapping filter: 'characterEncodingFilter' to: [/*]
2018-04-30 21:14:53 [localhost-startStop-1] INFO  o.s.b.w.s.FilterRegistrationBean - Mapping filter: 'hiddenHttpMethodFilter' to: [/*]
2018-04-30 21:14:53 [localhost-startStop-1] INFO  o.s.b.w.s.FilterRegistrationBean - Mapping filter: 'httpPutFormContentFilter' to: [/*]
2018-04-30 21:14:53 [localhost-startStop-1] INFO  o.s.b.w.s.FilterRegistrationBean - Mapping filter: 'requestContextFilter' to: [/*]
2018-04-30 21:14:57 [main] INFO  com.zaxxer.hikari.HikariDataSource - HikariPool-1 - Starting...
2018-04-30 21:15:01 [main] INFO  com.zaxxer.hikari.HikariDataSource - HikariPool-1 - Start completed.
2018-04-30 21:15:01 [main] INFO  o.s.o.j.LocalContainerEntityManagerFactoryBean - Building JPA container EntityManagerFactory for persistence unit 'default'
2018-04-30 21:15:01 [main] INFO  o.h.jpa.internal.util.LogHelper - HHH000204: Processing PersistenceUnitInfo [
	name: default
	...]
2018-04-30 21:15:03 [main] INFO  org.hibernate.Version - HHH000412: Hibernate Core {5.2.16.Final}
2018-04-30 21:15:03 [main] INFO  org.hibernate.cfg.Environment - HHH000206: hibernate.properties not found
2018-04-30 21:15:03 [main] INFO  o.h.annotations.common.Version - HCANN000001: Hibernate Commons Annotations {5.0.1.Final}
2018-04-30 21:15:04 [main] INFO  org.hibernate.dialect.Dialect - HHH000400: Using dialect: org.hibernate.dialect.MySQL5Dialect
2018-04-30 21:15:07 [main] INFO  o.s.o.j.LocalContainerEntityManagerFactoryBean - Initialized JPA EntityManagerFactory for persistence unit 'default'
2018-04-30 21:15:09 [main] INFO  o.s.w.s.h.SimpleUrlHandlerMapping - Mapped URL path [/**/favicon.ico] onto handler of type [class org.springframework.web.servlet.resource.ResourceHttpRequestHandler]
2018-04-30 21:15:10 [main] INFO  o.s.w.s.m.m.a.RequestMappingHandlerAdapter - Looking for @ControllerAdvice: org.springframework.boot.web.servlet.context.AnnotationConfigServletWebServerApplicationContext@4facf68f: startup date [Mon Apr 30 21:14:23 EEST 2018]; root of context hierarchy
2018-04-30 21:15:11 [main] INFO  o.s.w.s.m.m.a.RequestMappingHandlerMapping - Mapped "{[/author/{id}],methods=[POST]}" onto public org.springframework.http.ResponseEntity<?> com.example.controller.author.RestApiAuthor.createBook(com.example.model.Author,org.springframework.web.util.UriComponentsBuilder)
2018-04-30 21:15:11 [main] INFO  o.s.w.s.m.m.a.RequestMappingHandlerMapping - Mapped "{[/author/{id}],methods=[PUT]}" onto public org.springframework.http.ResponseEntity<?> com.example.controller.author.RestApiAuthor.updateUser(int,com.example.model.Author)
2018-04-30 21:15:11 [main] INFO  o.s.w.s.m.m.a.RequestMappingHandlerMapping - Mapped "{[/author/{id}],methods=[DELETE]}" onto public org.springframework.http.ResponseEntity<?> com.example.controller.author.RestApiAuthor.deleteUser(int)
2018-04-30 21:15:11 [main] INFO  o.s.w.s.m.m.a.RequestMappingHandlerMapping - Mapped "{[/author/],methods=[GET]}" onto public org.springframework.http.ResponseEntity<java.util.List<com.example.model.Author>> com.example.controller.author.RestApiAuthor.listAllAuthors()
2018-04-30 21:15:11 [main] INFO  o.s.w.s.m.m.a.RequestMappingHandlerMapping - Mapped "{[/author/],methods=[DELETE]}" onto public org.springframework.http.ResponseEntity<com.example.model.Author> com.example.controller.author.RestApiAuthor.deleteAllAuthors()
2018-04-30 21:15:11 [main] INFO  o.s.w.s.m.m.a.RequestMappingHandlerMapping - Mapped "{[/author/book/{id}],methods=[GET]}" onto public org.springframework.http.ResponseEntity<?> com.example.controller.author.RestApiAuthor.getAuthorBook(int)
2018-04-30 21:15:11 [main] INFO  o.s.w.s.m.m.a.RequestMappingHandlerMapping - Mapped "{[/author/{id}],methods=[GET]}" onto public org.springframework.http.ResponseEntity<?> com.example.controller.author.RestApiAuthor.getAuthor(int)
2018-04-30 21:15:11 [main] INFO  o.s.w.s.m.m.a.RequestMappingHandlerMapping - Mapped "{[/author/book/],methods=[GET]}" onto public org.springframework.http.ResponseEntity<java.util.Set<com.example.model.Author>> com.example.controller.author.RestApiAuthor.listAuthorsWriteBook()
2018-04-30 21:15:11 [main] INFO  o.s.w.s.m.m.a.RequestMappingHandlerMapping - Mapped "{[/author/date/{years}],methods=[GET]}" onto public org.springframework.http.ResponseEntity<java.util.TreeSet<com.example.model.Author>> com.example.controller.author.RestApiAuthorDate.listAllAuthorsDate(int)
2018-04-30 21:15:11 [main] INFO  o.s.w.s.m.m.a.RequestMappingHandlerMapping - Mapped "{[/authorBook/{id}],methods=[GET]}" onto public org.springframework.http.ResponseEntity<?> com.example.controller.authorBook.RestApiAuthorBook.getAuthorBook(int)
2018-04-30 21:15:11 [main] INFO  o.s.w.s.m.m.a.RequestMappingHandlerMapping - Mapped "{[/authorBook/],methods=[GET]}" onto public org.springframework.http.ResponseEntity<java.util.List<com.example.model.AuthorBook>> com.example.controller.authorBook.RestApiAuthorBook.listAllAuthorsBooks()
2018-04-30 21:15:11 [main] INFO  o.s.w.s.m.m.a.RequestMappingHandlerMapping - Mapped "{[/authorBook/],methods=[DELETE]}" onto public org.springframework.http.ResponseEntity<com.example.model.AuthorBook> com.example.controller.authorBook.RestApiAuthorBook.deleteAllAuthorsBooks()
2018-04-30 21:15:11 [main] INFO  o.s.w.s.m.m.a.RequestMappingHandlerMapping - Mapped "{[/authorBook/{id}],methods=[DELETE]}" onto public org.springframework.http.ResponseEntity<?> com.example.controller.authorBook.RestApiAuthorBook.deleteAuthorBook(int)
2018-04-30 21:15:11 [main] INFO  o.s.w.s.m.m.a.RequestMappingHandlerMapping - Mapped "{[/authorBook/{id}],methods=[POST]}" onto public org.springframework.http.ResponseEntity<?> com.example.controller.authorBook.RestApiAuthorBook.createAuthorBook(com.example.model.AuthorBook,org.springframework.web.util.UriComponentsBuilder)
2018-04-30 21:15:11 [main] INFO  o.s.w.s.m.m.a.RequestMappingHandlerMapping - Mapped "{[/authorBook/{id}],methods=[PUT]}" onto public org.springframework.http.ResponseEntity<?> com.example.controller.authorBook.RestApiAuthorBook.updateAuthorBook(int,com.example.model.AuthorBook)
2018-04-30 21:15:11 [main] INFO  o.s.w.s.m.m.a.RequestMappingHandlerMapping - Mapped "{[/book/{id}],methods=[POST]}" onto public org.springframework.http.ResponseEntity<?> com.example.controller.book.RestApiBooks.createBook(com.example.model.Book,org.springframework.web.util.UriComponentsBuilder)
2018-04-30 21:15:11 [main] INFO  o.s.w.s.m.m.a.RequestMappingHandlerMapping - Mapped "{[/book/],methods=[DELETE]}" onto public org.springframework.http.ResponseEntity<com.example.model.Book> com.example.controller.book.RestApiBooks.deleteAllBooks()
2018-04-30 21:15:11 [main] INFO  o.s.w.s.m.m.a.RequestMappingHandlerMapping - Mapped "{[/book/{id}],methods=[GET]}" onto public org.springframework.http.ResponseEntity<?> com.example.controller.book.RestApiBooks.getBook(int)
2018-04-30 21:15:11 [main] INFO  o.s.w.s.m.m.a.RequestMappingHandlerMapping - Mapped "{[/book/],methods=[GET]}" onto public org.springframework.http.ResponseEntity<java.util.List<com.example.model.Book>> com.example.controller.book.RestApiBooks.listAllBooks()
2018-04-30 21:15:11 [main] INFO  o.s.w.s.m.m.a.RequestMappingHandlerMapping - Mapped "{[/book/{id}],methods=[PUT]}" onto public org.springframework.http.ResponseEntity<?> com.example.controller.book.RestApiBooks.updateBook(int,com.example.model.Book)
2018-04-30 21:15:11 [main] INFO  o.s.w.s.m.m.a.RequestMappingHandlerMapping - Mapped "{[/book/{id}],methods=[DELETE]}" onto public org.springframework.http.ResponseEntity<?> com.example.controller.book.RestApiBooks.deleteBook(int)
2018-04-30 21:15:11 [main] INFO  o.s.w.s.m.m.a.RequestMappingHandlerMapping - Mapped "{[/book/genre/{genre}],methods=[GET]}" onto public org.springframework.http.ResponseEntity<?> com.example.controller.book.RestApiBooks.getBookByGenre(java.lang.String)
2018-04-30 21:15:11 [main] INFO  o.s.w.s.m.m.a.RequestMappingHandlerMapping - Mapped "{[/error]}" onto public org.springframework.http.ResponseEntity<java.util.Map<java.lang.String, java.lang.Object>> org.springframework.boot.autoconfigure.web.servlet.error.BasicErrorController.error(javax.servlet.http.HttpServletRequest)
2018-04-30 21:15:11 [main] INFO  o.s.w.s.m.m.a.RequestMappingHandlerMapping - Mapped "{[/error],produces=[text/html]}" onto public org.springframework.web.servlet.ModelAndView org.springframework.boot.autoconfigure.web.servlet.error.BasicErrorController.errorHtml(javax.servlet.http.HttpServletRequest,javax.servlet.http.HttpServletResponse)
2018-04-30 21:15:11 [main] INFO  o.s.w.s.h.SimpleUrlHandlerMapping - Mapped URL path [/webjars/**] onto handler of type [class org.springframework.web.servlet.resource.ResourceHttpRequestHandler]
2018-04-30 21:15:11 [main] INFO  o.s.w.s.h.SimpleUrlHandlerMapping - Mapped URL path [/**] onto handler of type [class org.springframework.web.servlet.resource.ResourceHttpRequestHandler]
2018-04-30 21:15:11 [main] INFO  o.s.j.e.a.AnnotationMBeanExporter - Registering beans for JMX exposure on startup
2018-04-30 21:15:11 [main] INFO  o.s.j.e.a.AnnotationMBeanExporter - Bean with name 'dataSource' has been autodetected for JMX exposure
2018-04-30 21:15:11 [main] INFO  o.s.j.e.a.AnnotationMBeanExporter - Located MBean 'dataSource': registering with JMX server as MBean [com.zaxxer.hikari:name=dataSource,type=HikariDataSource]
2018-04-30 21:15:12 [main] INFO  o.s.b.w.e.tomcat.TomcatWebServer - Tomcat started on port(s): 9000 (http) with context path ''
2018-04-30 21:15:12 [main] INFO  com.example.DemoApplication - Started DemoApplication in 53.674 seconds (JVM running for 69.098)
2018-04-30 21:16:18 [http-nio-9000-exec-1] INFO  o.a.c.c.C.[Tomcat].[localhost].[/] - Initializing Spring FrameworkServlet 'dispatcherServlet'
2018-04-30 21:16:18 [http-nio-9000-exec-1] INFO  o.s.web.servlet.DispatcherServlet - FrameworkServlet 'dispatcherServlet': initialization started
2018-04-30 21:16:18 [http-nio-9000-exec-1] INFO  o.s.web.servlet.DispatcherServlet - FrameworkServlet 'dispatcherServlet': initialization completed in 27 ms
2018-04-30 21:16:36 [http-nio-9000-exec-4] INFO  o.h.h.i.QueryTranslatorFactoryInitiator - HHH000397: Using ASTQueryTranslatorFactory
2018-04-30 21:24:47 [main] INFO  com.example.DemoApplication - Starting DemoApplication on DESKTOP-OML437H with PID 4772 (C:\JavaProject\sources\rest+java8\target\classes started by Юра in C:\JavaProject\sources\rest+java8)
2018-04-30 21:24:47 [main] INFO  com.example.DemoApplication - No active profile set, falling back to default profiles: default
2018-04-30 21:24:47 [main] INFO  o.s.b.w.s.c.AnnotationConfigServletWebServerApplicationContext - Refreshing org.springframework.boot.web.servlet.context.AnnotationConfigServletWebServerApplicationContext@1622f1b: startup date [Mon Apr 30 21:24:47 EEST 2018]; root of context hierarchy
2018-04-30 21:24:50 [main] INFO  o.s.c.s.PostProcessorRegistrationDelegate$BeanPostProcessorChecker - Bean 'org.springframework.transaction.annotation.ProxyTransactionManagementConfiguration' of type [org.springframework.transaction.annotation.ProxyTransactionManagementConfiguration$$EnhancerBySpringCGLIB$$d0ea3bfe] is not eligible for getting processed by all BeanPostProcessors (for example: not eligible for auto-proxying)
2018-04-30 21:24:51 [main] INFO  o.s.b.w.e.tomcat.TomcatWebServer - Tomcat initialized with port(s): 9000 (http)
2018-04-30 21:24:51 [main] INFO  o.a.catalina.core.StandardService - Starting service [Tomcat]
2018-04-30 21:24:51 [main] INFO  o.a.catalina.core.StandardEngine - Starting Servlet Engine: Apache Tomcat/8.5.29
2018-04-30 21:24:51 [localhost-startStop-1] INFO  o.a.c.core.AprLifecycleListener - The APR based Apache Tomcat Native library which allows optimal performance in production environments was not found on the java.library.path: [C:\Program Files\Java\jdk1.8.0_131\bin;C:\WINDOWS\Sun\Java\bin;C:\WINDOWS\system32;C:\WINDOWS;C:\Program Files (x86)\Common Files\Intel\Shared Libraries\redist\intel64\compiler;C:\ProgramData\Oracle\Java\javapath;C:\Program Files (x86)\Borland\Delphi7\Bin;C:\Program Files (x86)\Borland\Delphi7\Projects\Bpl\;C:\Windows\system32;C:\Windows;C:\Windows\System32\Wbem;C:\Windows\System32\WindowsPowerShell\v1.0\;C:\Program Files (x86)\NVIDIA Corporation\PhysX\Common;C:\Windows\system32\wbem;C:\Program Files (x86)\IVT Corporation\BlueSoleil\Mobile;C:\JavaProject\tools\apache-maven-3.5.0\bin;C:\Program Files\MySQL\MySQL Utilities 1.6\;C:\WINDOWS\system32;C:\WINDOWS;C:\WINDOWS\System32\Wbem;C:\WINDOWS\System32\WindowsPowerShell\v1.0\;C:\Git\cmd;C:\Program Files (x86)\Calibre2\;C:\Users\Юра\Documents\Borland Studio Projects\Bpl;%USERPROFILE%\AppData\Local\Microsoft\WindowsApps;;.]
2018-04-30 21:24:51 [localhost-startStop-1] INFO  o.a.c.c.C.[Tomcat].[localhost].[/] - Initializing Spring embedded WebApplicationContext
2018-04-30 21:24:51 [localhost-startStop-1] INFO  o.s.web.context.ContextLoader - Root WebApplicationContext: initialization completed in 4447 ms
2018-04-30 21:24:52 [localhost-startStop-1] INFO  o.s.b.w.s.ServletRegistrationBean - Servlet dispatcherServlet mapped to [/]
2018-04-30 21:24:52 [localhost-startStop-1] INFO  o.s.b.w.s.FilterRegistrationBean - Mapping filter: 'characterEncodingFilter' to: [/*]
2018-04-30 21:24:52 [localhost-startStop-1] INFO  o.s.b.w.s.FilterRegistrationBean - Mapping filter: 'hiddenHttpMethodFilter' to: [/*]
2018-04-30 21:24:52 [localhost-startStop-1] INFO  o.s.b.w.s.FilterRegistrationBean - Mapping filter: 'httpPutFormContentFilter' to: [/*]
2018-04-30 21:24:52 [localhost-startStop-1] INFO  o.s.b.w.s.FilterRegistrationBean - Mapping filter: 'requestContextFilter' to: [/*]
2018-04-30 21:24:53 [main] INFO  com.zaxxer.hikari.HikariDataSource - HikariPool-1 - Starting...
2018-04-30 21:24:53 [main] INFO  com.zaxxer.hikari.HikariDataSource - HikariPool-1 - Start completed.
2018-04-30 21:24:53 [main] INFO  o.s.o.j.LocalContainerEntityManagerFactoryBean - Building JPA container EntityManagerFactory for persistence unit 'default'
2018-04-30 21:24:54 [main] INFO  o.h.jpa.internal.util.LogHelper - HHH000204: Processing PersistenceUnitInfo [
	name: default
	...]
2018-04-30 21:24:54 [main] INFO  org.hibernate.Version - HHH000412: Hibernate Core {5.2.16.Final}
2018-04-30 21:24:54 [main] INFO  org.hibernate.cfg.Environment - HHH000206: hibernate.properties not found
2018-04-30 21:24:54 [main] INFO  o.h.annotations.common.Version - HCANN000001: Hibernate Commons Annotations {5.0.1.Final}
2018-04-30 21:24:54 [main] INFO  org.hibernate.dialect.Dialect - HHH000400: Using dialect: org.hibernate.dialect.MySQL5Dialect
2018-04-30 21:24:57 [main] INFO  o.s.o.j.LocalContainerEntityManagerFactoryBean - Initialized JPA EntityManagerFactory for persistence unit 'default'
2018-04-30 21:24:58 [main] INFO  o.s.w.s.h.SimpleUrlHandlerMapping - Mapped URL path [/**/favicon.ico] onto handler of type [class org.springframework.web.servlet.resource.ResourceHttpRequestHandler]
2018-04-30 21:24:59 [main] INFO  o.s.w.s.m.m.a.RequestMappingHandlerAdapter - Looking for @ControllerAdvice: org.springframework.boot.web.servlet.context.AnnotationConfigServletWebServerApplicationContext@1622f1b: startup date [Mon Apr 30 21:24:47 EEST 2018]; root of context hierarchy
2018-04-30 21:24:59 [main] INFO  o.s.w.s.m.m.a.RequestMappingHandlerMapping - Mapped "{[/author/{id}],methods=[GET]}" onto public org.springframework.http.ResponseEntity<?> com.example.controller.author.RestApiAuthor.getAuthor(int)
2018-04-30 21:24:59 [main] INFO  o.s.w.s.m.m.a.RequestMappingHandlerMapping - Mapped "{[/author/],methods=[GET]}" onto public org.springframework.http.ResponseEntity<java.util.List<com.example.model.Author>> com.example.controller.author.RestApiAuthor.listAllAuthors()
2018-04-30 21:24:59 [main] INFO  o.s.w.s.m.m.a.RequestMappingHandlerMapping - Mapped "{[/author/book/{id}],methods=[GET]}" onto public org.springframework.http.ResponseEntity<?> com.example.controller.author.RestApiAuthor.getAuthorBook(int)
2018-04-30 21:24:59 [main] INFO  o.s.w.s.m.m.a.RequestMappingHandlerMapping - Mapped "{[/author/{id}],methods=[DELETE]}" onto public org.springframework.http.ResponseEntity<?> com.example.controller.author.RestApiAuthor.deleteUser(int)
2018-04-30 21:24:59 [main] INFO  o.s.w.s.m.m.a.RequestMappingHandlerMapping - Mapped "{[/author/{id}],methods=[PUT]}" onto public org.springframework.http.ResponseEntity<?> com.example.controller.author.RestApiAuthor.updateUser(int,com.example.model.Author)
2018-04-30 21:24:59 [main] INFO  o.s.w.s.m.m.a.RequestMappingHandlerMapping - Mapped "{[/author/],methods=[DELETE]}" onto public org.springframework.http.ResponseEntity<com.example.model.Author> com.example.controller.author.RestApiAuthor.deleteAllAuthors()
2018-04-30 21:24:59 [main] INFO  o.s.w.s.m.m.a.RequestMappingHandlerMapping - Mapped "{[/author/{id}],methods=[POST]}" onto public org.springframework.http.ResponseEntity<?> com.example.controller.author.RestApiAuthor.createBook(com.example.model.Author,org.springframework.web.util.UriComponentsBuilder)
2018-04-30 21:24:59 [main] INFO  o.s.w.s.m.m.a.RequestMappingHandlerMapping - Mapped "{[/author/book/],methods=[GET]}" onto public org.springframework.http.ResponseEntity<java.util.Set<com.example.model.Author>> com.example.controller.author.RestApiAuthor.listAuthorsWriteBook()
2018-04-30 21:24:59 [main] INFO  o.s.w.s.m.m.a.RequestMappingHandlerMapping - Mapped "{[/author/date/{years}],methods=[GET]}" onto public org.springframework.http.ResponseEntity<java.util.TreeSet<com.example.model.Author>> com.example.controller.author.RestApiAuthorDate.listAllAuthorsDate(int)
2018-04-30 21:24:59 [main] INFO  o.s.w.s.m.m.a.RequestMappingHandlerMapping - Mapped "{[/authorBook/{id}],methods=[GET]}" onto public org.springframework.http.ResponseEntity<?> com.example.controller.authorBook.RestApiAuthorBook.getAuthorBook(int)
2018-04-30 21:24:59 [main] INFO  o.s.w.s.m.m.a.RequestMappingHandlerMapping - Mapped "{[/authorBook/{id}],methods=[POST]}" onto public org.springframework.http.ResponseEntity<?> com.example.controller.authorBook.RestApiAuthorBook.createAuthorBook(com.example.model.AuthorBook,org.springframework.web.util.UriComponentsBuilder)
2018-04-30 21:24:59 [main] INFO  o.s.w.s.m.m.a.RequestMappingHandlerMapping - Mapped "{[/authorBook/{id}],methods=[PUT]}" onto public org.springframework.http.ResponseEntity<?> com.example.controller.authorBook.RestApiAuthorBook.updateAuthorBook(int,com.example.model.AuthorBook)
2018-04-30 21:24:59 [main] INFO  o.s.w.s.m.m.a.RequestMappingHandlerMapping - Mapped "{[/authorBook/{id}],methods=[DELETE]}" onto public org.springframework.http.ResponseEntity<?> com.example.controller.authorBook.RestApiAuthorBook.deleteAuthorBook(int)
2018-04-30 21:24:59 [main] INFO  o.s.w.s.m.m.a.RequestMappingHandlerMapping - Mapped "{[/authorBook/],methods=[GET]}" onto public org.springframework.http.ResponseEntity<java.util.List<com.example.model.AuthorBook>> com.example.controller.authorBook.RestApiAuthorBook.listAllAuthorsBooks()
2018-04-30 21:24:59 [main] INFO  o.s.w.s.m.m.a.RequestMappingHandlerMapping - Mapped "{[/authorBook/],methods=[DELETE]}" onto public org.springframework.http.ResponseEntity<com.example.model.AuthorBook> com.example.controller.authorBook.RestApiAuthorBook.deleteAllAuthorsBooks()
2018-04-30 21:24:59 [main] INFO  o.s.w.s.m.m.a.RequestMappingHandlerMapping - Mapped "{[/book/{id}],methods=[PUT]}" onto public org.springframework.http.ResponseEntity<?> com.example.controller.book.RestApiBooks.updateBook(int,com.example.model.Book)
2018-04-30 21:24:59 [main] INFO  o.s.w.s.m.m.a.RequestMappingHandlerMapping - Mapped "{[/book/genre/{genre}],methods=[GET]}" onto public org.springframework.http.ResponseEntity<?> com.example.controller.book.RestApiBooks.getBookByGenre(java.lang.String)
2018-04-30 21:24:59 [main] INFO  o.s.w.s.m.m.a.RequestMappingHandlerMapping - Mapped "{[/book/],methods=[GET]}" onto public org.springframework.http.ResponseEntity<java.util.List<com.example.model.Book>> com.example.controller.book.RestApiBooks.listAllBooks()
2018-04-30 21:24:59 [main] INFO  o.s.w.s.m.m.a.RequestMappingHandlerMapping - Mapped "{[/book/],methods=[DELETE]}" onto public org.springframework.http.ResponseEntity<com.example.model.Book> com.example.controller.book.RestApiBooks.deleteAllBooks()
2018-04-30 21:24:59 [main] INFO  o.s.w.s.m.m.a.RequestMappingHandlerMapping - Mapped "{[/book/{id}],methods=[POST]}" onto public org.springframework.http.ResponseEntity<?> com.example.controller.book.RestApiBooks.createBook(com.example.model.Book,org.springframework.web.util.UriComponentsBuilder)
2018-04-30 21:24:59 [main] INFO  o.s.w.s.m.m.a.RequestMappingHandlerMapping - Mapped "{[/book/{id}],methods=[GET]}" onto public org.springframework.http.ResponseEntity<?> com.example.controller.book.RestApiBooks.getBook(int)
2018-04-30 21:24:59 [main] INFO  o.s.w.s.m.m.a.RequestMappingHandlerMapping - Mapped "{[/book/{id}],methods=[DELETE]}" onto public org.springframework.http.ResponseEntity<?> com.example.controller.book.RestApiBooks.deleteBook(int)
2018-04-30 21:24:59 [main] INFO  o.s.w.s.m.m.a.RequestMappingHandlerMapping - Mapped "{[/error]}" onto public org.springframework.http.ResponseEntity<java.util.Map<java.lang.String, java.lang.Object>> org.springframework.boot.autoconfigure.web.servlet.error.BasicErrorController.error(javax.servlet.http.HttpServletRequest)
2018-04-30 21:24:59 [main] INFO  o.s.w.s.m.m.a.RequestMappingHandlerMapping - Mapped "{[/error],produces=[text/html]}" onto public org.springframework.web.servlet.ModelAndView org.springframework.boot.autoconfigure.web.servlet.error.BasicErrorController.errorHtml(javax.servlet.http.HttpServletRequest,javax.servlet.http.HttpServletResponse)
2018-04-30 21:24:59 [main] INFO  o.s.w.s.h.SimpleUrlHandlerMapping - Mapped URL path [/webjars/**] onto handler of type [class org.springframework.web.servlet.resource.ResourceHttpRequestHandler]
2018-04-30 21:24:59 [main] INFO  o.s.w.s.h.SimpleUrlHandlerMapping - Mapped URL path [/**] onto handler of type [class org.springframework.web.servlet.resource.ResourceHttpRequestHandler]
2018-04-30 21:24:59 [main] INFO  o.s.j.e.a.AnnotationMBeanExporter - Registering beans for JMX exposure on startup
2018-04-30 21:24:59 [main] INFO  o.s.j.e.a.AnnotationMBeanExporter - Bean with name 'dataSource' has been autodetected for JMX exposure
2018-04-30 21:24:59 [main] INFO  o.s.j.e.a.AnnotationMBeanExporter - Located MBean 'dataSource': registering with JMX server as MBean [com.zaxxer.hikari:name=dataSource,type=HikariDataSource]
2018-04-30 21:24:59 [main] INFO  o.s.b.w.e.tomcat.TomcatWebServer - Tomcat started on port(s): 9000 (http) with context path ''
2018-04-30 21:24:59 [main] INFO  com.example.DemoApplication - Started DemoApplication in 13.358 seconds (JVM running for 17.156)
2018-04-30 21:46:09 [main] INFO  com.example.DemoApplication - Starting DemoApplication on DESKTOP-OML437H with PID 6580 (C:\JavaProject\sources\rest+java8\target\classes started by Юра in C:\JavaProject\sources\rest+java8)
2018-04-30 21:46:09 [main] INFO  com.example.DemoApplication - No active profile set, falling back to default profiles: default
2018-04-30 21:46:09 [main] INFO  o.s.b.w.s.c.AnnotationConfigServletWebServerApplicationContext - Refreshing org.springframework.boot.web.servlet.context.AnnotationConfigServletWebServerApplicationContext@6e4784bc: startup date [Mon Apr 30 21:46:09 EEST 2018]; root of context hierarchy
2018-04-30 21:46:11 [main] INFO  o.s.c.s.PostProcessorRegistrationDelegate$BeanPostProcessorChecker - Bean 'org.springframework.transaction.annotation.ProxyTransactionManagementConfiguration' of type [org.springframework.transaction.annotation.ProxyTransactionManagementConfiguration$$EnhancerBySpringCGLIB$$3ab53bb7] is not eligible for getting processed by all BeanPostProcessors (for example: not eligible for auto-proxying)
2018-04-30 21:46:12 [main] INFO  o.s.b.w.e.tomcat.TomcatWebServer - Tomcat initialized with port(s): 9000 (http)
2018-04-30 21:46:12 [main] INFO  o.a.catalina.core.StandardService - Starting service [Tomcat]
2018-04-30 21:46:12 [main] INFO  o.a.catalina.core.StandardEngine - Starting Servlet Engine: Apache Tomcat/8.5.29
2018-04-30 21:46:12 [localhost-startStop-1] INFO  o.a.c.core.AprLifecycleListener - The APR based Apache Tomcat Native library which allows optimal performance in production environments was not found on the java.library.path: [C:\Program Files\Java\jdk1.8.0_131\bin;C:\WINDOWS\Sun\Java\bin;C:\WINDOWS\system32;C:\WINDOWS;C:\Program Files (x86)\Common Files\Intel\Shared Libraries\redist\intel64\compiler;C:\ProgramData\Oracle\Java\javapath;C:\Program Files (x86)\Borland\Delphi7\Bin;C:\Program Files (x86)\Borland\Delphi7\Projects\Bpl\;C:\Windows\system32;C:\Windows;C:\Windows\System32\Wbem;C:\Windows\System32\WindowsPowerShell\v1.0\;C:\Program Files (x86)\NVIDIA Corporation\PhysX\Common;C:\Windows\system32\wbem;C:\Program Files (x86)\IVT Corporation\BlueSoleil\Mobile;C:\JavaProject\tools\apache-maven-3.5.0\bin;C:\Program Files\MySQL\MySQL Utilities 1.6\;C:\WINDOWS\system32;C:\WINDOWS;C:\WINDOWS\System32\Wbem;C:\WINDOWS\System32\WindowsPowerShell\v1.0\;C:\Git\cmd;C:\Program Files (x86)\Calibre2\;C:\Users\Юра\Documents\Borland Studio Projects\Bpl;%USERPROFILE%\AppData\Local\Microsoft\WindowsApps;;.]
2018-04-30 21:46:12 [localhost-startStop-1] INFO  o.a.c.c.C.[Tomcat].[localhost].[/] - Initializing Spring embedded WebApplicationContext
2018-04-30 21:46:12 [localhost-startStop-1] INFO  o.s.web.context.ContextLoader - Root WebApplicationContext: initialization completed in 2719 ms
2018-04-30 21:46:12 [localhost-startStop-1] INFO  o.s.b.w.s.ServletRegistrationBean - Servlet dispatcherServlet mapped to [/]
2018-04-30 21:46:12 [localhost-startStop-1] INFO  o.s.b.w.s.FilterRegistrationBean - Mapping filter: 'characterEncodingFilter' to: [/*]
2018-04-30 21:46:12 [localhost-startStop-1] INFO  o.s.b.w.s.FilterRegistrationBean - Mapping filter: 'hiddenHttpMethodFilter' to: [/*]
2018-04-30 21:46:12 [localhost-startStop-1] INFO  o.s.b.w.s.FilterRegistrationBean - Mapping filter: 'httpPutFormContentFilter' to: [/*]
2018-04-30 21:46:12 [localhost-startStop-1] INFO  o.s.b.w.s.FilterRegistrationBean - Mapping filter: 'requestContextFilter' to: [/*]
2018-04-30 21:46:12 [main] INFO  com.zaxxer.hikari.HikariDataSource - HikariPool-1 - Starting...
2018-04-30 21:46:13 [main] INFO  com.zaxxer.hikari.HikariDataSource - HikariPool-1 - Start completed.
2018-04-30 21:46:13 [main] INFO  o.s.o.j.LocalContainerEntityManagerFactoryBean - Building JPA container EntityManagerFactory for persistence unit 'default'
2018-04-30 21:46:13 [main] INFO  o.h.jpa.internal.util.LogHelper - HHH000204: Processing PersistenceUnitInfo [
	name: default
	...]
2018-04-30 21:46:13 [main] INFO  org.hibernate.Version - HHH000412: Hibernate Core {5.2.16.Final}
2018-04-30 21:46:13 [main] INFO  org.hibernate.cfg.Environment - HHH000206: hibernate.properties not found
2018-04-30 21:46:13 [main] INFO  o.h.annotations.common.Version - HCANN000001: Hibernate Commons Annotations {5.0.1.Final}
2018-04-30 21:46:13 [main] INFO  org.hibernate.dialect.Dialect - HHH000400: Using dialect: org.hibernate.dialect.MySQL5Dialect
2018-04-30 21:46:14 [main] INFO  o.s.o.j.LocalContainerEntityManagerFactoryBean - Initialized JPA EntityManagerFactory for persistence unit 'default'
2018-04-30 21:46:14 [main] INFO  o.s.w.s.h.SimpleUrlHandlerMapping - Mapped URL path [/**/favicon.ico] onto handler of type [class org.springframework.web.servlet.resource.ResourceHttpRequestHandler]
2018-04-30 21:46:15 [main] INFO  o.s.w.s.m.m.a.RequestMappingHandlerAdapter - Looking for @ControllerAdvice: org.springframework.boot.web.servlet.context.AnnotationConfigServletWebServerApplicationContext@6e4784bc: startup date [Mon Apr 30 21:46:09 EEST 2018]; root of context hierarchy
2018-04-30 21:46:15 [main] INFO  o.s.w.s.m.m.a.RequestMappingHandlerMapping - Mapped "{[/author/book/],methods=[GET]}" onto public org.springframework.http.ResponseEntity<java.util.Set<com.example.model.Author>> com.example.controller.author.RestApiAuthor.listAuthorsWriteBook()
2018-04-30 21:46:15 [main] INFO  o.s.w.s.m.m.a.RequestMappingHandlerMapping - Mapped "{[/author/book/{id}],methods=[GET]}" onto public org.springframework.http.ResponseEntity<?> com.example.controller.author.RestApiAuthor.getAuthorBook(int)
2018-04-30 21:46:15 [main] INFO  o.s.w.s.m.m.a.RequestMappingHandlerMapping - Mapped "{[/author/{id}],methods=[POST]}" onto public org.springframework.http.ResponseEntity<?> com.example.controller.author.RestApiAuthor.createBook(com.example.model.Author,org.springframework.web.util.UriComponentsBuilder)
2018-04-30 21:46:15 [main] INFO  o.s.w.s.m.m.a.RequestMappingHandlerMapping - Mapped "{[/author/],methods=[DELETE]}" onto public org.springframework.http.ResponseEntity<com.example.model.Author> com.example.controller.author.RestApiAuthor.deleteAllAuthors()
2018-04-30 21:46:15 [main] INFO  o.s.w.s.m.m.a.RequestMappingHandlerMapping - Mapped "{[/author/{id}],methods=[DELETE]}" onto public org.springframework.http.ResponseEntity<?> com.example.controller.author.RestApiAuthor.deleteUser(int)
2018-04-30 21:46:15 [main] INFO  o.s.w.s.m.m.a.RequestMappingHandlerMapping - Mapped "{[/author/],methods=[GET]}" onto public org.springframework.http.ResponseEntity<java.util.List<com.example.model.Author>> com.example.controller.author.RestApiAuthor.listAllAuthors()
2018-04-30 21:46:15 [main] INFO  o.s.w.s.m.m.a.RequestMappingHandlerMapping - Mapped "{[/author/{id}],methods=[GET]}" onto public org.springframework.http.ResponseEntity<?> com.example.controller.author.RestApiAuthor.getAuthor(int)
2018-04-30 21:46:15 [main] INFO  o.s.w.s.m.m.a.RequestMappingHandlerMapping - Mapped "{[/author/{id}],methods=[PUT]}" onto public org.springframework.http.ResponseEntity<?> com.example.controller.author.RestApiAuthor.updateUser(int,com.example.model.Author)
2018-04-30 21:46:15 [main] INFO  o.s.w.s.m.m.a.RequestMappingHandlerMapping - Mapped "{[/author/date/{years}],methods=[GET]}" onto public org.springframework.http.ResponseEntity<java.util.TreeSet<com.example.model.Author>> com.example.controller.author.RestApiAuthorDate.listAllAuthorsDate(int)
2018-04-30 21:46:15 [main] INFO  o.s.w.s.m.m.a.RequestMappingHandlerMapping - Mapped "{[/authorBook/],methods=[DELETE]}" onto public org.springframework.http.ResponseEntity<com.example.model.AuthorBook> com.example.controller.authorBook.RestApiAuthorBook.deleteAllAuthorsBooks()
2018-04-30 21:46:15 [main] INFO  o.s.w.s.m.m.a.RequestMappingHandlerMapping - Mapped "{[/authorBook/],methods=[GET]}" onto public org.springframework.http.ResponseEntity<java.util.List<com.example.model.AuthorBook>> com.example.controller.authorBook.RestApiAuthorBook.listAllAuthorsBooks()
2018-04-30 21:46:15 [main] INFO  o.s.w.s.m.m.a.RequestMappingHandlerMapping - Mapped "{[/authorBook/{id}],methods=[PUT]}" onto public org.springframework.http.ResponseEntity<?> com.example.controller.authorBook.RestApiAuthorBook.updateAuthorBook(int,com.example.model.AuthorBook)
2018-04-30 21:46:15 [main] INFO  o.s.w.s.m.m.a.RequestMappingHandlerMapping - Mapped "{[/authorBook/{id}],methods=[GET]}" onto public org.springframework.http.ResponseEntity<?> com.example.controller.authorBook.RestApiAuthorBook.getAuthorBook(int)
2018-04-30 21:46:15 [main] INFO  o.s.w.s.m.m.a.RequestMappingHandlerMapping - Mapped "{[/authorBook/{id}],methods=[POST]}" onto public org.springframework.http.ResponseEntity<?> com.example.controller.authorBook.RestApiAuthorBook.createAuthorBook(com.example.model.AuthorBook,org.springframework.web.util.UriComponentsBuilder)
2018-04-30 21:46:15 [main] INFO  o.s.w.s.m.m.a.RequestMappingHandlerMapping - Mapped "{[/authorBook/{id}],methods=[DELETE]}" onto public org.springframework.http.ResponseEntity<?> com.example.controller.authorBook.RestApiAuthorBook.deleteAuthorBook(int)
2018-04-30 21:46:15 [main] INFO  o.s.w.s.m.m.a.RequestMappingHandlerMapping - Mapped "{[/book/],methods=[GET]}" onto public org.springframework.http.ResponseEntity<java.util.List<com.example.model.Book>> com.example.controller.book.RestApiBooks.listAllBooks()
2018-04-30 21:46:15 [main] INFO  o.s.w.s.m.m.a.RequestMappingHandlerMapping - Mapped "{[/book/{id}],methods=[POST]}" onto public org.springframework.http.ResponseEntity<?> com.example.controller.book.RestApiBooks.createBook(com.example.model.Book,org.springframework.web.util.UriComponentsBuilder)
2018-04-30 21:46:15 [main] INFO  o.s.w.s.m.m.a.RequestMappingHandlerMapping - Mapped "{[/book/{id}],methods=[GET]}" onto public org.springframework.http.ResponseEntity<?> com.example.controller.book.RestApiBooks.getBook(int)
2018-04-30 21:46:15 [main] INFO  o.s.w.s.m.m.a.RequestMappingHandlerMapping - Mapped "{[/book/{id}],methods=[DELETE]}" onto public org.springframework.http.ResponseEntity<?> com.example.controller.book.RestApiBooks.deleteBook(int)
2018-04-30 21:46:15 [main] INFO  o.s.w.s.m.m.a.RequestMappingHandlerMapping - Mapped "{[/book/genre/{genre}],methods=[GET]}" onto public org.springframework.http.ResponseEntity<?> com.example.controller.book.RestApiBooks.getBookByGenre(java.lang.String)
2018-04-30 21:46:15 [main] INFO  o.s.w.s.m.m.a.RequestMappingHandlerMapping - Mapped "{[/book/],methods=[DELETE]}" onto public org.springframework.http.ResponseEntity<com.example.model.Book> com.example.controller.book.RestApiBooks.deleteAllBooks()
2018-04-30 21:46:15 [main] INFO  o.s.w.s.m.m.a.RequestMappingHandlerMapping - Mapped "{[/book/{id}],methods=[PUT]}" onto public org.springframework.http.ResponseEntity<?> com.example.controller.book.RestApiBooks.updateBook(int,com.example.model.Book)
2018-04-30 21:46:15 [main] INFO  o.s.w.s.m.m.a.RequestMappingHandlerMapping - Mapped "{[/error]}" onto public org.springframework.http.ResponseEntity<java.util.Map<java.lang.String, java.lang.Object>> org.springframework.boot.autoconfigure.web.servlet.error.BasicErrorController.error(javax.servlet.http.HttpServletRequest)
2018-04-30 21:46:15 [main] INFO  o.s.w.s.m.m.a.RequestMappingHandlerMapping - Mapped "{[/error],produces=[text/html]}" onto public org.springframework.web.servlet.ModelAndView org.springframework.boot.autoconfigure.web.servlet.error.BasicErrorController.errorHtml(javax.servlet.http.HttpServletRequest,javax.servlet.http.HttpServletResponse)
2018-04-30 21:46:15 [main] INFO  o.s.w.s.h.SimpleUrlHandlerMapping - Mapped URL path [/webjars/**] onto handler of type [class org.springframework.web.servlet.resource.ResourceHttpRequestHandler]
2018-04-30 21:46:15 [main] INFO  o.s.w.s.h.SimpleUrlHandlerMapping - Mapped URL path [/**] onto handler of type [class org.springframework.web.servlet.resource.ResourceHttpRequestHandler]
2018-04-30 21:46:15 [main] INFO  o.s.j.e.a.AnnotationMBeanExporter - Registering beans for JMX exposure on startup
2018-04-30 21:46:15 [main] INFO  o.s.j.e.a.AnnotationMBeanExporter - Bean with name 'dataSource' has been autodetected for JMX exposure
2018-04-30 21:46:15 [main] INFO  o.s.j.e.a.AnnotationMBeanExporter - Located MBean 'dataSource': registering with JMX server as MBean [com.zaxxer.hikari:name=dataSource,type=HikariDataSource]
2018-04-30 21:46:15 [main] INFO  o.s.b.w.e.tomcat.TomcatWebServer - Tomcat started on port(s): 9000 (http) with context path ''
2018-04-30 21:46:15 [main] INFO  com.example.DemoApplication - Started DemoApplication in 7.238 seconds (JVM running for 8.868)
2018-04-30 21:46:46 [main] INFO  com.example.DemoApplication - Starting DemoApplication on DESKTOP-OML437H with PID 7708 (C:\JavaProject\sources\rest+java8\target\classes started by Юра in C:\JavaProject\sources\rest+java8)
2018-04-30 21:46:46 [main] INFO  com.example.DemoApplication - No active profile set, falling back to default profiles: default
2018-04-30 21:46:46 [main] INFO  o.s.b.w.s.c.AnnotationConfigServletWebServerApplicationContext - Refreshing org.springframework.boot.web.servlet.context.AnnotationConfigServletWebServerApplicationContext@13e39c73: startup date [Mon Apr 30 21:46:46 EEST 2018]; root of context hierarchy
2018-04-30 21:46:49 [main] INFO  o.s.c.s.PostProcessorRegistrationDelegate$BeanPostProcessorChecker - Bean 'org.springframework.transaction.annotation.ProxyTransactionManagementConfiguration' of type [org.springframework.transaction.annotation.ProxyTransactionManagementConfiguration$$EnhancerBySpringCGLIB$$a6d63a56] is not eligible for getting processed by all BeanPostProcessors (for example: not eligible for auto-proxying)
2018-04-30 21:46:49 [main] INFO  o.s.b.w.e.tomcat.TomcatWebServer - Tomcat initialized with port(s): 9000 (http)
2018-04-30 21:46:49 [main] INFO  o.a.catalina.core.StandardService - Starting service [Tomcat]
2018-04-30 21:46:49 [main] INFO  o.a.catalina.core.StandardEngine - Starting Servlet Engine: Apache Tomcat/8.5.29
2018-04-30 21:46:49 [localhost-startStop-1] INFO  o.a.c.core.AprLifecycleListener - The APR based Apache Tomcat Native library which allows optimal performance in production environments was not found on the java.library.path: [C:\Program Files\Java\jdk1.8.0_131\bin;C:\WINDOWS\Sun\Java\bin;C:\WINDOWS\system32;C:\WINDOWS;C:\Program Files (x86)\Common Files\Intel\Shared Libraries\redist\intel64\compiler;C:\ProgramData\Oracle\Java\javapath;C:\Program Files (x86)\Borland\Delphi7\Bin;C:\Program Files (x86)\Borland\Delphi7\Projects\Bpl\;C:\Windows\system32;C:\Windows;C:\Windows\System32\Wbem;C:\Windows\System32\WindowsPowerShell\v1.0\;C:\Program Files (x86)\NVIDIA Corporation\PhysX\Common;C:\Windows\system32\wbem;C:\Program Files (x86)\IVT Corporation\BlueSoleil\Mobile;C:\JavaProject\tools\apache-maven-3.5.0\bin;C:\Program Files\MySQL\MySQL Utilities 1.6\;C:\WINDOWS\system32;C:\WINDOWS;C:\WINDOWS\System32\Wbem;C:\WINDOWS\System32\WindowsPowerShell\v1.0\;C:\Git\cmd;C:\Program Files (x86)\Calibre2\;C:\Users\Юра\Documents\Borland Studio Projects\Bpl;%USERPROFILE%\AppData\Local\Microsoft\WindowsApps;;.]
2018-04-30 21:46:49 [localhost-startStop-1] INFO  o.a.c.c.C.[Tomcat].[localhost].[/] - Initializing Spring embedded WebApplicationContext
2018-04-30 21:46:49 [localhost-startStop-1] INFO  o.s.web.context.ContextLoader - Root WebApplicationContext: initialization completed in 2890 ms
2018-04-30 21:46:49 [localhost-startStop-1] INFO  o.s.b.w.s.ServletRegistrationBean - Servlet dispatcherServlet mapped to [/]
2018-04-30 21:46:49 [localhost-startStop-1] INFO  o.s.b.w.s.FilterRegistrationBean - Mapping filter: 'characterEncodingFilter' to: [/*]
2018-04-30 21:46:49 [localhost-startStop-1] INFO  o.s.b.w.s.FilterRegistrationBean - Mapping filter: 'hiddenHttpMethodFilter' to: [/*]
2018-04-30 21:46:49 [localhost-startStop-1] INFO  o.s.b.w.s.FilterRegistrationBean - Mapping filter: 'httpPutFormContentFilter' to: [/*]
2018-04-30 21:46:49 [localhost-startStop-1] INFO  o.s.b.w.s.FilterRegistrationBean - Mapping filter: 'requestContextFilter' to: [/*]
2018-04-30 21:46:50 [main] INFO  com.zaxxer.hikari.HikariDataSource - HikariPool-1 - Starting...
2018-04-30 21:46:50 [main] INFO  com.zaxxer.hikari.HikariDataSource - HikariPool-1 - Start completed.
2018-04-30 21:46:50 [main] INFO  o.s.o.j.LocalContainerEntityManagerFactoryBean - Building JPA container EntityManagerFactory for persistence unit 'default'
2018-04-30 21:46:50 [main] INFO  o.h.jpa.internal.util.LogHelper - HHH000204: Processing PersistenceUnitInfo [
	name: default
	...]
2018-04-30 21:46:50 [main] INFO  org.hibernate.Version - HHH000412: Hibernate Core {5.2.16.Final}
2018-04-30 21:46:50 [main] INFO  org.hibernate.cfg.Environment - HHH000206: hibernate.properties not found
2018-04-30 21:46:50 [main] INFO  o.h.annotations.common.Version - HCANN000001: Hibernate Commons Annotations {5.0.1.Final}
2018-04-30 21:46:50 [main] INFO  org.hibernate.dialect.Dialect - HHH000400: Using dialect: org.hibernate.dialect.MySQL5Dialect
2018-04-30 21:46:51 [main] INFO  o.s.o.j.LocalContainerEntityManagerFactoryBean - Initialized JPA EntityManagerFactory for persistence unit 'default'
2018-04-30 21:46:52 [main] INFO  o.s.w.s.h.SimpleUrlHandlerMapping - Mapped URL path [/**/favicon.ico] onto handler of type [class org.springframework.web.servlet.resource.ResourceHttpRequestHandler]
2018-04-30 21:46:52 [main] INFO  o.s.w.s.m.m.a.RequestMappingHandlerAdapter - Looking for @ControllerAdvice: org.springframework.boot.web.servlet.context.AnnotationConfigServletWebServerApplicationContext@13e39c73: startup date [Mon Apr 30 21:46:46 EEST 2018]; root of context hierarchy
2018-04-30 21:46:52 [main] INFO  o.s.w.s.m.m.a.RequestMappingHandlerMapping - Mapped "{[/author/book/],methods=[GET]}" onto public org.springframework.http.ResponseEntity<java.util.Set<com.example.model.Author>> com.example.controller.author.RestApiAuthor.listAuthorsWriteBook()
2018-04-30 21:46:52 [main] INFO  o.s.w.s.m.m.a.RequestMappingHandlerMapping - Mapped "{[/author/{id}],methods=[PUT]}" onto public org.springframework.http.ResponseEntity<?> com.example.controller.author.RestApiAuthor.updateUser(int,com.example.model.Author)
2018-04-30 21:46:52 [main] INFO  o.s.w.s.m.m.a.RequestMappingHandlerMapping - Mapped "{[/author/{id}],methods=[GET]}" onto public org.springframework.http.ResponseEntity<?> com.example.controller.author.RestApiAuthor.getAuthor(int)
2018-04-30 21:46:52 [main] INFO  o.s.w.s.m.m.a.RequestMappingHandlerMapping - Mapped "{[/author/{id}],methods=[DELETE]}" onto public org.springframework.http.ResponseEntity<?> com.example.controller.author.RestApiAuthor.deleteUser(int)
2018-04-30 21:46:52 [main] INFO  o.s.w.s.m.m.a.RequestMappingHandlerMapping - Mapped "{[/author/book/{id}],methods=[GET]}" onto public org.springframework.http.ResponseEntity<?> com.example.controller.author.RestApiAuthor.getAuthorBook(int)
2018-04-30 21:46:52 [main] INFO  o.s.w.s.m.m.a.RequestMappingHandlerMapping - Mapped "{[/author/],methods=[DELETE]}" onto public org.springframework.http.ResponseEntity<com.example.model.Author> com.example.controller.author.RestApiAuthor.deleteAllAuthors()
2018-04-30 21:46:52 [main] INFO  o.s.w.s.m.m.a.RequestMappingHandlerMapping - Mapped "{[/author/],methods=[GET]}" onto public org.springframework.http.ResponseEntity<java.util.List<com.example.model.Author>> com.example.controller.author.RestApiAuthor.listAllAuthors()
2018-04-30 21:46:52 [main] INFO  o.s.w.s.m.m.a.RequestMappingHandlerMapping - Mapped "{[/author/{id}],methods=[POST]}" onto public org.springframework.http.ResponseEntity<?> com.example.controller.author.RestApiAuthor.createBook(com.example.model.Author,org.springframework.web.util.UriComponentsBuilder)
2018-04-30 21:46:52 [main] INFO  o.s.w.s.m.m.a.RequestMappingHandlerMapping - Mapped "{[/author/date/{years}],methods=[GET]}" onto public org.springframework.http.ResponseEntity<java.util.TreeSet<com.example.model.Author>> com.example.controller.author.RestApiAuthorDate.listAllAuthorsDate(int)
2018-04-30 21:46:52 [main] INFO  o.s.w.s.m.m.a.RequestMappingHandlerMapping - Mapped "{[/authorBook/],methods=[GET]}" onto public org.springframework.http.ResponseEntity<java.util.List<com.example.model.AuthorBook>> com.example.controller.authorBook.RestApiAuthorBook.listAllAuthorsBooks()
2018-04-30 21:46:52 [main] INFO  o.s.w.s.m.m.a.RequestMappingHandlerMapping - Mapped "{[/authorBook/],methods=[DELETE]}" onto public org.springframework.http.ResponseEntity<com.example.model.AuthorBook> com.example.controller.authorBook.RestApiAuthorBook.deleteAllAuthorsBooks()
2018-04-30 21:46:52 [main] INFO  o.s.w.s.m.m.a.RequestMappingHandlerMapping - Mapped "{[/authorBook/{id}],methods=[POST]}" onto public org.springframework.http.ResponseEntity<?> com.example.controller.authorBook.RestApiAuthorBook.createAuthorBook(com.example.model.AuthorBook,org.springframework.web.util.UriComponentsBuilder)
2018-04-30 21:46:52 [main] INFO  o.s.w.s.m.m.a.RequestMappingHandlerMapping - Mapped "{[/authorBook/{id}],methods=[PUT]}" onto public org.springframework.http.ResponseEntity<?> com.example.controller.authorBook.RestApiAuthorBook.updateAuthorBook(int,com.example.model.AuthorBook)
2018-04-30 21:46:52 [main] INFO  o.s.w.s.m.m.a.RequestMappingHandlerMapping - Mapped "{[/authorBook/{id}],methods=[DELETE]}" onto public org.springframework.http.ResponseEntity<?> com.example.controller.authorBook.RestApiAuthorBook.deleteAuthorBook(int)
2018-04-30 21:46:52 [main] INFO  o.s.w.s.m.m.a.RequestMappingHandlerMapping - Mapped "{[/authorBook/{id}],methods=[GET]}" onto public org.springframework.http.ResponseEntity<?> com.example.controller.authorBook.RestApiAuthorBook.getAuthorBook(int)
2018-04-30 21:46:52 [main] INFO  o.s.w.s.m.m.a.RequestMappingHandlerMapping - Mapped "{[/book/{id}],methods=[DELETE]}" onto public org.springframework.http.ResponseEntity<?> com.example.controller.book.RestApiBooks.deleteBook(int)
2018-04-30 21:46:52 [main] INFO  o.s.w.s.m.m.a.RequestMappingHandlerMapping - Mapped "{[/book/],methods=[DELETE]}" onto public org.springframework.http.ResponseEntity<com.example.model.Book> com.example.controller.book.RestApiBooks.deleteAllBooks()
2018-04-30 21:46:52 [main] INFO  o.s.w.s.m.m.a.RequestMappingHandlerMapping - Mapped "{[/book/{id}],methods=[GET]}" onto public org.springframework.http.ResponseEntity<?> com.example.controller.book.RestApiBooks.getBook(int)
2018-04-30 21:46:52 [main] INFO  o.s.w.s.m.m.a.RequestMappingHandlerMapping - Mapped "{[/book/genre/{genre}],methods=[GET]}" onto public org.springframework.http.ResponseEntity<?> com.example.controller.book.RestApiBooks.getBookByGenre(java.lang.String)
2018-04-30 21:46:52 [main] INFO  o.s.w.s.m.m.a.RequestMappingHandlerMapping - Mapped "{[/book/{id}],methods=[PUT]}" onto public org.springframework.http.ResponseEntity<?> com.example.controller.book.RestApiBooks.updateBook(int,com.example.model.Book)
2018-04-30 21:46:52 [main] INFO  o.s.w.s.m.m.a.RequestMappingHandlerMapping - Mapped "{[/book/],methods=[GET]}" onto public org.springframework.http.ResponseEntity<java.util.List<com.example.model.Book>> com.example.controller.book.RestApiBooks.listAllBooks()
2018-04-30 21:46:52 [main] INFO  o.s.w.s.m.m.a.RequestMappingHandlerMapping - Mapped "{[/book/{id}],methods=[POST]}" onto public org.springframework.http.ResponseEntity<?> com.example.controller.book.RestApiBooks.createBook(com.example.model.Book,org.springframework.web.util.UriComponentsBuilder)
2018-04-30 21:46:52 [main] INFO  o.s.w.s.m.m.a.RequestMappingHandlerMapping - Mapped "{[/error]}" onto public org.springframework.http.ResponseEntity<java.util.Map<java.lang.String, java.lang.Object>> org.springframework.boot.autoconfigure.web.servlet.error.BasicErrorController.error(javax.servlet.http.HttpServletRequest)
2018-04-30 21:46:52 [main] INFO  o.s.w.s.m.m.a.RequestMappingHandlerMapping - Mapped "{[/error],produces=[text/html]}" onto public org.springframework.web.servlet.ModelAndView org.springframework.boot.autoconfigure.web.servlet.error.BasicErrorController.errorHtml(javax.servlet.http.HttpServletRequest,javax.servlet.http.HttpServletResponse)
2018-04-30 21:46:52 [main] INFO  o.s.w.s.h.SimpleUrlHandlerMapping - Mapped URL path [/webjars/**] onto handler of type [class org.springframework.web.servlet.resource.ResourceHttpRequestHandler]
2018-04-30 21:46:52 [main] INFO  o.s.w.s.h.SimpleUrlHandlerMapping - Mapped URL path [/**] onto handler of type [class org.springframework.web.servlet.resource.ResourceHttpRequestHandler]
2018-04-30 21:46:52 [main] INFO  o.s.j.e.a.AnnotationMBeanExporter - Registering beans for JMX exposure on startup
2018-04-30 21:46:52 [main] INFO  o.s.j.e.a.AnnotationMBeanExporter - Bean with name 'dataSource' has been autodetected for JMX exposure
2018-04-30 21:46:52 [main] INFO  o.s.j.e.a.AnnotationMBeanExporter - Located MBean 'dataSource': registering with JMX server as MBean [com.zaxxer.hikari:name=dataSource,type=HikariDataSource]
2018-04-30 21:46:52 [main] INFO  o.s.b.w.e.tomcat.TomcatWebServer - Tomcat started on port(s): 9000 (http) with context path ''
2018-04-30 21:46:52 [main] INFO  com.example.DemoApplication - Started DemoApplication in 6.875 seconds (JVM running for 8.206)
